18:10:15: [INFO] [C:\Users\ethan\Ethan's Code\PycharmProjects\autonomy-bootcamp-2025-p2\modules\common\modules\logger\logger_main_setup.py | setup_main_logger | 62] main logger initialized
18:10:16: [INFO] [C:\Users\ethan\Ethan's Code\PycharmProjects\autonomy-bootcamp-2025-p2\tests\integration\test_telemetry.py | main | 114] Connected!
18:10:18: [INFO] [C:\Users\ethan\Ethan's Code\PycharmProjects\autonomy-bootcamp-2025-p2\tests\integration\test_telemetry.py | read_queue | 72] Info from telemetry worker: {
            time_since_boot: 334,
            x: 0.0,
            y: 0.0,
            z: 0.0,
            x_velocity: 1.0,
            y_velocity: 0.0,
            z_velocity: 0.0,
            roll: 0.0,
            pitch: 0.0,
            yaw: 1.0471975803375244,
            roll_speed: 0.0,
            pitch_speed: 0.0,
            yaw_speed: 3.1415927410125732
        }
18:10:19: [INFO] [C:\Users\ethan\Ethan's Code\PycharmProjects\autonomy-bootcamp-2025-p2\tests\integration\test_telemetry.py | read_queue | 72] Info from telemetry worker: {
            time_since_boot: 672,
            x: 0.5,
            y: 0.0,
            z: 0.0,
            x_velocity: 1.0,
            y_velocity: 0.0,
            z_velocity: 0.0,
            roll: 0.0,
            pitch: 0.0,
            yaw: 2.094395160675049,
            roll_speed: 0.0,
            pitch_speed: 0.0,
            yaw_speed: 3.1415927410125732
        }
18:10:20: [INFO] [C:\Users\ethan\Ethan's Code\PycharmProjects\autonomy-bootcamp-2025-p2\tests\integration\test_telemetry.py | read_queue | 72] Info from telemetry worker: {
            time_since_boot: 1338,
            x: 1.0,
            y: 0.0,
            z: 0.0,
            x_velocity: 1.0,
            y_velocity: 0.0,
            z_velocity: 0.0,
            roll: 0.0,
            pitch: 0.0,
            yaw: -2.094395160675049,
            roll_speed: 0.0,
            pitch_speed: 0.0,
            yaw_speed: 3.1415927410125732
        }
18:10:21: [INFO] [C:\Users\ethan\Ethan's Code\PycharmProjects\autonomy-bootcamp-2025-p2\tests\integration\test_telemetry.py | read_queue | 72] Info from telemetry worker: {
            time_since_boot: 1666,
            x: 1.5,
            y: 0.0,
            z: 0.0,
            x_velocity: 1.0,
            y_velocity: 0.0,
            z_velocity: 0.0,
            roll: 0.0,
            pitch: 0.0,
            yaw: -1.0471975803375244,
            roll_speed: 0.0,
            pitch_speed: 0.0,
            yaw_speed: 3.1415927410125732
        }
18:10:22: [INFO] [C:\Users\ethan\Ethan's Code\PycharmProjects\autonomy-bootcamp-2025-p2\tests\integration\test_telemetry.py | read_queue | 72] Info from telemetry worker: {
            time_since_boot: 2338,
            x: 2.0,
            y: 0.0,
            z: 0.0,
            x_velocity: 1.0,
            y_velocity: 0.0,
            z_velocity: 0.0,
            roll: 0.0,
            pitch: 0.0,
            yaw: 1.0471975803375244,
            roll_speed: 0.0,
            pitch_speed: 0.0,
            yaw_speed: 3.1415927410125732
        }
18:10:23: [INFO] [C:\Users\ethan\Ethan's Code\PycharmProjects\autonomy-bootcamp-2025-p2\tests\integration\test_telemetry.py | read_queue | 72] Info from telemetry worker: {
            time_since_boot: 2667,
            x: 2.5,
            y: 0.0,
            z: 0.0,
            x_velocity: 1.0,
            y_velocity: 0.0,
            z_velocity: 0.0,
            roll: 0.0,
            pitch: 0.0,
            yaw: 2.094395160675049,
            roll_speed: 0.0,
            pitch_speed: 0.0,
            yaw_speed: 3.1415927410125732
        }
18:10:24: [INFO] [C:\Users\ethan\Ethan's Code\PycharmProjects\autonomy-bootcamp-2025-p2\tests\integration\test_telemetry.py | read_queue | 72] Info from telemetry worker: {
            time_since_boot: 3338,
            x: 3.0,
            y: 0.0,
            z: 0.0,
            x_velocity: 1.0,
            y_velocity: 0.0,
            z_velocity: 0.0,
            roll: 0.0,
            pitch: 0.0,
            yaw: -2.094395160675049,
            roll_speed: 0.0,
            pitch_speed: 0.0,
            yaw_speed: 3.1415927410125732
        }
18:10:25: [INFO] [C:\Users\ethan\Ethan's Code\PycharmProjects\autonomy-bootcamp-2025-p2\tests\integration\test_telemetry.py | read_queue | 72] Info from telemetry worker: {
            time_since_boot: 3666,
            x: 3.5,
            y: 0.0,
            z: 0.0,
            x_velocity: 1.0,
            y_velocity: 0.0,
            z_velocity: 0.0,
            roll: 0.0,
            pitch: 0.0,
            yaw: -1.0471975803375244,
            roll_speed: 0.0,
            pitch_speed: 0.0,
            yaw_speed: 3.1415927410125732
        }
18:10:26: [INFO] [C:\Users\ethan\Ethan's Code\PycharmProjects\autonomy-bootcamp-2025-p2\tests\integration\test_telemetry.py | read_queue | 72] Info from telemetry worker: {
            time_since_boot: 4337,
            x: 4.0,
            y: 0.0,
            z: 0.0,
            x_velocity: 1.0,
            y_velocity: 0.0,
            z_velocity: 0.0,
            roll: 0.0,
            pitch: 0.0,
            yaw: 1.0471975803375244,
            roll_speed: 0.0,
            pitch_speed: 0.0,
            yaw_speed: 3.1415927410125732
        }
18:10:27: [INFO] [C:\Users\ethan\Ethan's Code\PycharmProjects\autonomy-bootcamp-2025-p2\tests\integration\test_telemetry.py | read_queue | 72] Info from telemetry worker: {
            time_since_boot: 4670,
            x: 4.5,
            y: 0.0,
            z: 0.0,
            x_velocity: 1.0,
            y_velocity: 0.0,
            z_velocity: 0.0,
            roll: 0.0,
            pitch: 0.0,
            yaw: 2.094395160675049,
            roll_speed: 0.0,
            pitch_speed: 0.0,
            yaw_speed: 3.1415927410125732
        }
18:10:28: [INFO] [C:\Users\ethan\Ethan's Code\PycharmProjects\autonomy-bootcamp-2025-p2\tests\integration\test_telemetry.py | read_queue | 72] Info from telemetry worker: {
            time_since_boot: 111,
            x: 3.0,
            y: 2.0,
            z: 1.0,
            x_velocity: 777.0,
            y_velocity: 777.0,
            z_velocity: 777.0,
            roll: 0.0,
            pitch: 0.0,
            yaw: 0.0,
            roll_speed: 0.0,
            pitch_speed: 0.0,
            yaw_speed: 3.1415927410125732
        }
18:10:29: [INFO] [C:\Users\ethan\Ethan's Code\PycharmProjects\autonomy-bootcamp-2025-p2\tests\integration\test_telemetry.py | read_queue | 72] Info from telemetry worker: {
            time_since_boot: 503,
            x: 0.0,
            y: 0.0,
            z: 0.0,
            x_velocity: 1.0,
            y_velocity: 0.0,
            z_velocity: 0.0,
            roll: 0.0,
            pitch: 0.0,
            yaw: 1.5707963705062866,
            roll_speed: 0.0,
            pitch_speed: 0.0,
            yaw_speed: 3.1415927410125732
        }
